# JRE version: Java(TM) SE Runtime Environment (7.0_75-b13) (build 1.7.0_75-b13)
# Java VM: Java HotSpot(TM) Client VM (24.75-b04 mixed mode, sharing windows-x86 )
Heap
 def new generation   total 4928K, used 2698K [0x23e00000, 0x24350000, 0x29350000)
  eden space 4416K,  59% used [0x23e00000, 0x24092478, 0x24250000)
  from space 512K,  12% used [0x242d0000, 0x242e0510, 0x24350000)
  to   space 512K,   0% used [0x24250000, 0x24250000, 0x242d0000)
 tenured generation   total 10944K, used 7081K [0x29350000, 0x29e00000, 0x33e00000)
   the space 10944K,  64% used [0x29350000, 0x29a3a440, 0x29a3a600, 0x29e00000)
 compacting perm gen  total 12288K, used 5488K [0x33e00000, 0x34a00000, 0x37e00000)
   the space 12288K,  44% used [0x33e00000, 0x3435c2c0, 0x3435c400, 0x34a00000)
    ro space 10240K,  42% used [0x37e00000, 0x38235758, 0x38235800, 0x38800000)
    rw space 12288K,  51% used [0x38800000, 0x38e3b548, 0x38e3b600, 0x39400000)
GC Heap History (10 events):
Event: 2.273 GC heap before
{Heap before GC invocations=20 (full 0):
 def new generation   total 4928K, used 4431K [0x23e00000, 0x24350000, 0x29350000)
  eden space 4416K, 100% used [0x23e00000, 0x24250000, 0x24250000)
  from space 512K,   2% used [0x24250000, 0x24253c78, 0x242d0000)
  to   space 512K,   0% used [0x242d0000, 0x242d0000, 0x24350000)
 tenured generation   total 10944K, used 1933K [0x29350000, 0x29e00000, 0x33e00000)
   the space 10944K,  17% used [0x29350000, 0x29533770, 0x29533800, 0x29e00000)
 compacting perm gen  total 12288K, used 4305K [0x33e00000, 0x34a00000, 0x37e00000)
   the space 12288K,  35% used [0x33e00000, 0x342347a0, 0x34234800, 0x34a00000)
    ro space 10240K,  42% used [0x37e00000, 0x38235758, 0x38235800, 0x38800000)
    rw space 12288K,  51% used [0x38800000, 0x38e3b548, 0x38e3b600, 0x39400000)
Event: 2.273 GC heap after
Heap after GC invocations=21 (full 0):
 def new generation   total 4928K, used 21K [0x23e00000, 0x24350000, 0x29350000)
  eden space 4416K,   0% used [0x23e00000, 0x23e00000, 0x24250000)
  from space 512K,   4% used [0x242d0000, 0x242d5530, 0x24350000)
  to   space 512K,   0% used [0x24250000, 0x24250000, 0x242d0000)
 tenured generation   total 10944K, used 1934K [0x29350000, 0x29e00000, 0x33e00000)
   the space 10944K,  17% used [0x29350000, 0x29533be0, 0x29533c00, 0x29e00000)
 compacting perm gen  total 12288K, used 4305K [0x33e00000, 0x34a00000, 0x37e00000)
   the space 12288K,  35% used [0x33e00000, 0x342347a0, 0x34234800, 0x34a00000)
    ro space 10240K,  42% used [0x37e00000, 0x38235758, 0x38235800, 0x38800000)
    rw space 12288K,  51% used [0x38800000, 0x38e3b548, 0x38e3b600, 0x39400000)
}
Event: 2.312 GC heap before
{Heap before GC invocations=21 (full 0):
 def new generation   total 4928K, used 4437K [0x23e00000, 0x24350000, 0x29350000)
  eden space 4416K, 100% used [0x23e00000, 0x24250000, 0x24250000)
  from space 512K,   4% used [0x242d0000, 0x242d5530, 0x24350000)
  to   space 512K,   0% used [0x24250000, 0x24250000, 0x242d0000)
 tenured generation   total 10944K, used 1934K [0x29350000, 0x29e00000, 0x33e00000)
   the space 10944K,  17% used [0x29350000, 0x29533be0, 0x29533c00, 0x29e00000)
 compacting perm gen  total 12288K, used 4305K [0x33e00000, 0x34a00000, 0x37e00000)
   the space 12288K,  35% used [0x33e00000, 0x342347a0, 0x34234800, 0x34a00000)
    ro space 10240K,  42% used [0x37e00000, 0x38235758, 0x38235800, 0x38800000)
    rw space 12288K,  51% used [0x38800000, 0x38e3b548, 0x38e3b600, 0x39400000)
Event: 2.313 GC heap after
Heap after GC invocations=22 (full 0):
 def new generation   total 4928K, used 30K [0x23e00000, 0x24350000, 0x29350000)
  eden space 4416K,   0% used [0x23e00000, 0x23e00000, 0x24250000)
  from space 512K,   5% used [0x24250000, 0x24257890, 0x242d0000)
  to   space 512K,   0% used [0x242d0000, 0x242d0000, 0x24350000)
 tenured generation   total 10944K, used 1936K [0x29350000, 0x29e00000, 0x33e00000)
   the space 10944K,  17% used [0x29350000, 0x29534030, 0x29534200, 0x29e00000)
 compacting perm gen  total 12288K, used 4305K [0x33e00000, 0x34a00000, 0x37e00000)
   the space 12288K,  35% used [0x33e00000, 0x342347a0, 0x34234800, 0x34a00000)
    ro space 10240K,  42% used [0x37e00000, 0x38235758, 0x38235800, 0x38800000)
    rw space 12288K,  51% used [0x38800000, 0x38e3b548, 0x38e3b600, 0x39400000)
}
Event: 2.376 GC heap before
{Heap before GC invocations=22 (full 0):
 def new generation   total 4928K, used 4446K [0x23e00000, 0x24350000, 0x29350000)
  eden space 4416K, 100% used [0x23e00000, 0x24250000, 0x24250000)
  from space 512K,   5% used [0x24250000, 0x24257890, 0x242d0000)
  to   space 512K,   0% used [0x242d0000, 0x242d0000, 0x24350000)
 tenured generation   total 10944K, used 1936K [0x29350000, 0x29e00000, 0x33e00000)
   the space 10944K,  17% used [0x29350000, 0x29534030, 0x29534200, 0x29e00000)
 compacting perm gen  total 12288K, used 4342K [0x33e00000, 0x34a00000, 0x37e00000)
   the space 12288K,  35% used [0x33e00000, 0x3423d928, 0x3423da00, 0x34a00000)
    ro space 10240K,  42% used [0x37e00000, 0x38235758, 0x38235800, 0x38800000)
    rw space 12288K,  51% used [0x38800000, 0x38e3b548, 0x38e3b600, 0x39400000)
Event: 2.379 GC heap after
Heap after GC invocations=23 (full 0):
 def new generation   total 4928K, used 512K [0x23e00000, 0x24350000, 0x29350000)
  eden space 4416K,   0% used [0x23e00000, 0x23e00000, 0x24250000)
  from space 512K, 100% used [0x242d0000, 0x24350000, 0x24350000)
  to   space 512K,   0% used [0x24250000, 0x24250000, 0x242d0000)
 tenured generation   total 10944K, used 2404K [0x29350000, 0x29e00000, 0x33e00000)
   the space 10944K,  21% used [0x29350000, 0x295a9288, 0x295a9400, 0x29e00000)
 compacting perm gen  total 12288K, used 4342K [0x33e00000, 0x34a00000, 0x37e00000)
   the space 12288K,  35% used [0x33e00000, 0x3423d928, 0x3423da00, 0x34a00000)
    ro space 10240K,  42% used [0x37e00000, 0x38235758, 0x38235800, 0x38800000)
    rw space 12288K,  51% used [0x38800000, 0x38e3b548, 0x38e3b600, 0x39400000)
}
Event: 2.556 GC heap before
{Heap before GC invocations=23 (full 0):
 def new generation   total 4928K, used 2511K [0x23e00000, 0x24350000, 0x29350000)
  eden space 4416K,  45% used [0x23e00000, 0x23ff3dd0, 0x24250000)
  from space 512K, 100% used [0x242d0000, 0x24350000, 0x24350000)
  to   space 512K,   0% used [0x24250000, 0x24250000, 0x242d0000)
 tenured generation   total 10944K, used 2404K [0x29350000, 0x29e00000, 0x33e00000)
   the space 10944K,  21% used [0x29350000, 0x295a9288, 0x295a9400, 0x29e00000)
 compacting perm gen  total 12288K, used 4907K [0x33e00000, 0x34a00000, 0x37e00000)
   the space 12288K,  39% used [0x33e00000, 0x342caf50, 0x342cb000, 0x34a00000)
    ro space 10240K,  42% used [0x37e00000, 0x38235758, 0x38235800, 0x38800000)
    rw space 12288K,  51% used [0x38800000, 0x38e3b548, 0x38e3b600, 0x39400000)
Event: 2.571 GC heap after
Heap after GC invocations=24 (full 0):
 def new generation   total 4928K, used 512K [0x23e00000, 0x24350000, 0x29350000)
  eden space 4416K,   0% used [0x23e00000, 0x23e00000, 0x24250000)
  from space 512K, 100% used [0x24250000, 0x242d0000, 0x242d0000)
  to   space 512K,   0% used [0x242d0000, 0x242d0000, 0x24350000)
 tenured generation   total 10944K, used 2929K [0x29350000, 0x29e00000, 0x33e00000)
   the space 10944K,  26% used [0x29350000, 0x2962c738, 0x2962c800, 0x29e00000)
 compacting perm gen  total 12288K, used 4907K [0x33e00000, 0x34a00000, 0x37e00000)
   the space 12288K,  39% used [0x33e00000, 0x342caf50, 0x342cb000, 0x34a00000)
    ro space 10240K,  42% used [0x37e00000, 0x38235758, 0x38235800, 0x38800000)
    rw space 12288K,  51% used [0x38800000, 0x38e3b548, 0x38e3b600, 0x39400000)
}
Event: 2.605 GC heap before
{Heap before GC invocations=24 (full 0):
 def new generation   total 4928K, used 4928K [0x23e00000, 0x24350000, 0x29350000)
  eden space 4416K, 100% used [0x23e00000, 0x24250000, 0x24250000)
  from space 512K, 100% used [0x24250000, 0x242d0000, 0x242d0000)
  to   space 512K,   0% used [0x242d0000, 0x242d0000, 0x24350000)
 tenured generation   total 10944K, used 2929K [0x29350000, 0x29e00000, 0x33e00000)
   the space 10944K,  26% used [0x29350000, 0x2962c738, 0x2962c800, 0x29e00000)
 compacting perm gen  total 12288K, used 5033K [0x33e00000, 0x34a00000, 0x37e00000)
   the space 12288K,  40% used [0x33e00000, 0x342ea540, 0x342ea600, 0x34a00000)
    ro space 10240K,  42% used [0x37e00000, 0x38235758, 0x38235800, 0x38800000)
    rw space 12288K,  51% used [0x38800000, 0x38e3b548, 0x38e3b600, 0x39400000)
Event: 2.616 GC heap after
Heap after GC invocations=25 (full 0):
 def new generation   total 4928K, used 65K [0x23e00000, 0x24350000, 0x29350000)
  eden space 4416K,   0% used [0x23e00000, 0x23e00000, 0x24250000)
  from space 512K,  12% used [0x242d0000, 0x242e0510, 0x24350000)
  to   space 512K,   0% used [0x24250000, 0x24250000, 0x242d0000)
 tenured generation   total 10944K, used 7081K [0x29350000, 0x29e00000, 0x33e00000)
   the space 10944K,  64% used [0x29350000, 0x29a3a440, 0x29a3a600, 0x29e00000)
 compacting perm gen  total 12288K, used 5033K [0x33e00000, 0x34a00000, 0x37e00000)
   the space 12288K,  40% used [0x33e00000, 0x342ea540, 0x342ea600, 0x34a00000)
    ro space 10240K,  42% used [0x37e00000, 0x38235758, 0x38235800, 0x38800000)
    rw space 12288K,  51% used [0x38800000, 0x38e3b548, 0x38e3b600, 0x39400000)
}

