# JRE version: Java(TM) SE Runtime Environment (7.0_75-b13) (build 1.7.0_75-b13)
# Java VM: Java HotSpot(TM) Client VM (24.75-b04 mixed mode, sharing windows-x86 )
Heap
 def new generation   total 4928K, used 2790K [0x23e00000, 0x24350000, 0x29350000)
  eden space 4416K,  62% used [0x23e00000, 0x240acac0, 0x24250000)
  from space 512K,  10% used [0x242d0000, 0x242dd138, 0x24350000)
  to   space 512K,   0% used [0x24250000, 0x24250000, 0x242d0000)
 tenured generation   total 10944K, used 7090K [0x29350000, 0x29e00000, 0x33e00000)
   the space 10944K,  64% used [0x29350000, 0x29a3ca38, 0x29a3cc00, 0x29e00000)
 compacting perm gen  total 12288K, used 5488K [0x33e00000, 0x34a00000, 0x37e00000)
   the space 12288K,  44% used [0x33e00000, 0x3435c2f8, 0x3435c400, 0x34a00000)
    ro space 10240K,  42% used [0x37e00000, 0x38235758, 0x38235800, 0x38800000)
    rw space 12288K,  51% used [0x38800000, 0x38e3b548, 0x38e3b600, 0x39400000)
GC Heap History (10 events):
Event: 1.919 GC heap before
{Heap before GC invocations=20 (full 0):
 def new generation   total 4928K, used 4431K [0x23e00000, 0x24350000, 0x29350000)
  eden space 4416K, 100% used [0x23e00000, 0x24250000, 0x24250000)
  from space 512K,   2% used [0x24250000, 0x24253c00, 0x242d0000)
  to   space 512K,   0% used [0x242d0000, 0x242d0000, 0x24350000)
 tenured generation   total 10944K, used 1922K [0x29350000, 0x29e00000, 0x33e00000)
   the space 10944K,  17% used [0x29350000, 0x29530a98, 0x29530c00, 0x29e00000)
 compacting perm gen  total 12288K, used 4305K [0x33e00000, 0x34a00000, 0x37e00000)
   the space 12288K,  35% used [0x33e00000, 0x342347a0, 0x34234800, 0x34a00000)
    ro space 10240K,  42% used [0x37e00000, 0x38235758, 0x38235800, 0x38800000)
    rw space 12288K,  51% used [0x38800000, 0x38e3b548, 0x38e3b600, 0x39400000)
Event: 1.920 GC heap after
Heap after GC invocations=21 (full 0):
 def new generation   total 4928K, used 21K [0x23e00000, 0x24350000, 0x29350000)
  eden space 4416K,   0% used [0x23e00000, 0x23e00000, 0x24250000)
  from space 512K,   4% used [0x242d0000, 0x242d55d0, 0x24350000)
  to   space 512K,   0% used [0x24250000, 0x24250000, 0x242d0000)
 tenured generation   total 10944K, used 1923K [0x29350000, 0x29e00000, 0x33e00000)
   the space 10944K,  17% used [0x29350000, 0x29530eb8, 0x29531000, 0x29e00000)
 compacting perm gen  total 12288K, used 4305K [0x33e00000, 0x34a00000, 0x37e00000)
   the space 12288K,  35% used [0x33e00000, 0x342347a0, 0x34234800, 0x34a00000)
    ro space 10240K,  42% used [0x37e00000, 0x38235758, 0x38235800, 0x38800000)
    rw space 12288K,  51% used [0x38800000, 0x38e3b548, 0x38e3b600, 0x39400000)
}
Event: 1.951 GC heap before
{Heap before GC invocations=21 (full 0):
 def new generation   total 4928K, used 4437K [0x23e00000, 0x24350000, 0x29350000)
  eden space 4416K, 100% used [0x23e00000, 0x24250000, 0x24250000)
  from space 512K,   4% used [0x242d0000, 0x242d55d0, 0x24350000)
  to   space 512K,   0% used [0x24250000, 0x24250000, 0x242d0000)
 tenured generation   total 10944K, used 1923K [0x29350000, 0x29e00000, 0x33e00000)
   the space 10944K,  17% used [0x29350000, 0x29530eb8, 0x29531000, 0x29e00000)
 compacting perm gen  total 12288K, used 4305K [0x33e00000, 0x34a00000, 0x37e00000)
   the space 12288K,  35% used [0x33e00000, 0x342347a0, 0x34234800, 0x34a00000)
    ro space 10240K,  42% used [0x37e00000, 0x38235758, 0x38235800, 0x38800000)
    rw space 12288K,  51% used [0x38800000, 0x38e3b548, 0x38e3b600, 0x39400000)
Event: 1.952 GC heap after
Heap after GC invocations=22 (full 0):
 def new generation   total 4928K, used 30K [0x23e00000, 0x24350000, 0x29350000)
  eden space 4416K,   0% used [0x23e00000, 0x23e00000, 0x24250000)
  from space 512K,   5% used [0x24250000, 0x242578f8, 0x242d0000)
  to   space 512K,   0% used [0x242d0000, 0x242d0000, 0x24350000)
 tenured generation   total 10944K, used 1924K [0x29350000, 0x29e00000, 0x33e00000)
   the space 10944K,  17% used [0x29350000, 0x29531320, 0x29531400, 0x29e00000)
 compacting perm gen  total 12288K, used 4305K [0x33e00000, 0x34a00000, 0x37e00000)
   the space 12288K,  35% used [0x33e00000, 0x342347a0, 0x34234800, 0x34a00000)
    ro space 10240K,  42% used [0x37e00000, 0x38235758, 0x38235800, 0x38800000)
    rw space 12288K,  51% used [0x38800000, 0x38e3b548, 0x38e3b600, 0x39400000)
}
Event: 1.996 GC heap before
{Heap before GC invocations=22 (full 0):
 def new generation   total 4928K, used 4446K [0x23e00000, 0x24350000, 0x29350000)
  eden space 4416K, 100% used [0x23e00000, 0x24250000, 0x24250000)
  from space 512K,   5% used [0x24250000, 0x242578f8, 0x242d0000)
  to   space 512K,   0% used [0x242d0000, 0x242d0000, 0x24350000)
 tenured generation   total 10944K, used 1924K [0x29350000, 0x29e00000, 0x33e00000)
   the space 10944K,  17% used [0x29350000, 0x29531320, 0x29531400, 0x29e00000)
 compacting perm gen  total 12288K, used 4342K [0x33e00000, 0x34a00000, 0x37e00000)
   the space 12288K,  35% used [0x33e00000, 0x3423d928, 0x3423da00, 0x34a00000)
    ro space 10240K,  42% used [0x37e00000, 0x38235758, 0x38235800, 0x38800000)
    rw space 12288K,  51% used [0x38800000, 0x38e3b548, 0x38e3b600, 0x39400000)
Event: 2.002 GC heap after
Heap after GC invocations=23 (full 0):
 def new generation   total 4928K, used 512K [0x23e00000, 0x24350000, 0x29350000)
  eden space 4416K,   0% used [0x23e00000, 0x23e00000, 0x24250000)
  from space 512K, 100% used [0x242d0000, 0x24350000, 0x24350000)
  to   space 512K,   0% used [0x24250000, 0x24250000, 0x242d0000)
 tenured generation   total 10944K, used 2393K [0x29350000, 0x29e00000, 0x33e00000)
   the space 10944K,  21% used [0x29350000, 0x295a65d0, 0x295a6600, 0x29e00000)
 compacting perm gen  total 12288K, used 4342K [0x33e00000, 0x34a00000, 0x37e00000)
   the space 12288K,  35% used [0x33e00000, 0x3423d928, 0x3423da00, 0x34a00000)
    ro space 10240K,  42% used [0x37e00000, 0x38235758, 0x38235800, 0x38800000)
    rw space 12288K,  51% used [0x38800000, 0x38e3b548, 0x38e3b600, 0x39400000)
}
Event: 2.150 GC heap before
{Heap before GC invocations=23 (full 0):
 def new generation   total 4928K, used 2508K [0x23e00000, 0x24350000, 0x29350000)
  eden space 4416K,  45% used [0x23e00000, 0x23ff3110, 0x24250000)
  from space 512K, 100% used [0x242d0000, 0x24350000, 0x24350000)
  to   space 512K,   0% used [0x24250000, 0x24250000, 0x242d0000)
 tenured generation   total 10944K, used 2393K [0x29350000, 0x29e00000, 0x33e00000)
   the space 10944K,  21% used [0x29350000, 0x295a65d0, 0x295a6600, 0x29e00000)
 compacting perm gen  total 12288K, used 4979K [0x33e00000, 0x34a00000, 0x37e00000)
   the space 12288K,  40% used [0x33e00000, 0x342dcc90, 0x342dce00, 0x34a00000)
    ro space 10240K,  42% used [0x37e00000, 0x38235758, 0x38235800, 0x38800000)
    rw space 12288K,  51% used [0x38800000, 0x38e3b548, 0x38e3b600, 0x39400000)
Event: 2.155 GC heap after
Heap after GC invocations=24 (full 0):
 def new generation   total 4928K, used 512K [0x23e00000, 0x24350000, 0x29350000)
  eden space 4416K,   0% used [0x23e00000, 0x23e00000, 0x24250000)
  from space 512K, 100% used [0x24250000, 0x242d0000, 0x242d0000)
  to   space 512K,   0% used [0x242d0000, 0x242d0000, 0x24350000)
 tenured generation   total 10944K, used 2930K [0x29350000, 0x29e00000, 0x33e00000)
   the space 10944K,  26% used [0x29350000, 0x2962c8d0, 0x2962ca00, 0x29e00000)
 compacting perm gen  total 12288K, used 4979K [0x33e00000, 0x34a00000, 0x37e00000)
   the space 12288K,  40% used [0x33e00000, 0x342dcc90, 0x342dce00, 0x34a00000)
    ro space 10240K,  42% used [0x37e00000, 0x38235758, 0x38235800, 0x38800000)
    rw space 12288K,  51% used [0x38800000, 0x38e3b548, 0x38e3b600, 0x39400000)
}
Event: 2.183 GC heap before
{Heap before GC invocations=24 (full 0):
 def new generation   total 4928K, used 4928K [0x23e00000, 0x24350000, 0x29350000)
  eden space 4416K, 100% used [0x23e00000, 0x24250000, 0x24250000)
  from space 512K, 100% used [0x24250000, 0x242d0000, 0x242d0000)
  to   space 512K,   0% used [0x242d0000, 0x242d0000, 0x24350000)
 tenured generation   total 10944K, used 2930K [0x29350000, 0x29e00000, 0x33e00000)
   the space 10944K,  26% used [0x29350000, 0x2962c8d0, 0x2962ca00, 0x29e00000)
 compacting perm gen  total 12288K, used 5033K [0x33e00000, 0x34a00000, 0x37e00000)
   the space 12288K,  40% used [0x33e00000, 0x342ea578, 0x342ea600, 0x34a00000)
    ro space 10240K,  42% used [0x37e00000, 0x38235758, 0x38235800, 0x38800000)
    rw space 12288K,  51% used [0x38800000, 0x38e3b548, 0x38e3b600, 0x39400000)
Event: 2.190 GC heap after
Heap after GC invocations=25 (full 0):
 def new generation   total 4928K, used 52K [0x23e00000, 0x24350000, 0x29350000)
  eden space 4416K,   0% used [0x23e00000, 0x23e00000, 0x24250000)
  from space 512K,  10% used [0x242d0000, 0x242dd138, 0x24350000)
  to   space 512K,   0% used [0x24250000, 0x24250000, 0x242d0000)
 tenured generation   total 10944K, used 7090K [0x29350000, 0x29e00000, 0x33e00000)
   the space 10944K,  64% used [0x29350000, 0x29a3ca38, 0x29a3cc00, 0x29e00000)
 compacting perm gen  total 12288K, used 5033K [0x33e00000, 0x34a00000, 0x37e00000)
   the space 12288K,  40% used [0x33e00000, 0x342ea578, 0x342ea600, 0x34a00000)
    ro space 10240K,  42% used [0x37e00000, 0x38235758, 0x38235800, 0x38800000)
    rw space 12288K,  51% used [0x38800000, 0x38e3b548, 0x38e3b600, 0x39400000)
}

